<?xml version="1.0" encoding="UTF-8"?>
<!-- Generated by org.testng.reporters.JUnitXMLReporter -->
<testsuite ignored="0" hostname="DESKTOP-QD6Q4G9" failures="0" tests="3" name="Default test" time="9.87" errors="0" timestamp="2025-01-15T21:47:11 IST">
  <testcase classname="dhananjayparit.ResetPasswordTest" name="averifyRequiredMessage" time="1.446"/>
  <testcase classname="dhananjayparit.ResetPasswordTest" name="bverifyCancelButton" time="0.509"/>
  <testcase classname="dhananjayparit.ResetPasswordTest" name="resetPassword" time="1.411"/>
</testsuite> <!-- Default test -->
