<?xml version="1.0" encoding="UTF-8"?>
<!-- Generated by org.testng.reporters.JUnitXMLReporter -->
<testsuite ignored="0" hostname="DESKTOP-QD6Q4G9" failures="0" tests="3" name="Default test" time="10.827" errors="0" timestamp="2025-01-16T23:09:39 IST">
  <testcase classname="dhananjayparit.ResetPasswordTest" name="averifyRequiredMessage" time="1.432"/>
  <testcase classname="dhananjayparit.ResetPasswordTest" name="bverifyCancelButton" time="0.511"/>
  <testcase classname="dhananjayparit.ResetPasswordTest" name="resetPassword" time="2.171"/>
</testsuite> <!-- Default test -->
