<?xml version="1.0" encoding="UTF-8"?>
<!-- Generated by org.testng.reporters.JUnitXMLReporter -->
<testsuite ignored="0" hostname="DESKTOP-QD6Q4G9" failures="0" tests="6" name="FirstTest" time="38.472" errors="0" timestamp="2025-01-16T23:16:47 IST">
  <testcase classname="dhananjayparit.LoginTest" name="invalidLoginTest" time="2.15"/>
  <testcase classname="dhananjayparit.LoginTest" name="validLoginTest" time="0.418"/>
  <testcase classname="dhananjayparit.ResetPasswordTest" name="averifyRequiredMessage" time="1.525"/>
  <testcase classname="dhananjayparit.ResetPasswordTest" name="bverifyCancelButton" time="0.499"/>
  <testcase classname="dhananjayparit.ResetPasswordTest" name="resetPassword" time="1.496"/>
  <testcase classname="dhananjayparit.SelectHomeMenus" name="ClickOnEachMenu" time="17.001"/>
</testsuite> <!-- FirstTest -->
