<?xml version="1.0" encoding="UTF-8"?>
<!-- Generated by org.testng.reporters.JUnitXMLReporter -->
<testsuite ignored="0" hostname="DESKTOP-QD6Q4G9" failures="0" tests="5" name="FirstTest" time="20.108" errors="0" timestamp="2025-01-15T21:48:57 IST">
  <testcase classname="dhananjayparit.LoginTest" name="invalidLoginTest" time="2.555"/>
  <testcase classname="dhananjayparit.LoginTest" name="validLoginTest" time="0.422"/>
  <testcase classname="dhananjayparit.ResetPasswordTest" name="averifyRequiredMessage" time="2.356"/>
  <testcase classname="dhananjayparit.ResetPasswordTest" name="bverifyCancelButton" time="0.712"/>
  <testcase classname="dhananjayparit.ResetPasswordTest" name="resetPassword" time="2.02"/>
</testsuite> <!-- FirstTest -->
