<?xml version="1.0" encoding="UTF-8"?>
<testng-results ignored="0" total="6" passed="6" failed="0" skipped="0">
  <reporter-output>
  </reporter-output>
  <suite started-at="2025-01-16T23:09:52 IST" name="Suite" finished-at="2025-01-16T23:10:30 IST" duration-ms="38425">
    <groups>
    </groups>
    <test started-at="2025-01-16T23:09:52 IST" name="FirstTest" finished-at="2025-01-16T23:10:30 IST" duration-ms="38425">
      <class name="dhananjayparit.ResetPasswordTest">
        <test-method is-config="true" signature="launchApplication()[pri:0, instance:dhananjayparit.ResetPasswordTest@73a1e9a9]" started-at="2025-01-16T23:10:01 IST" name="launchApplication" finished-at="2025-01-16T23:10:05 IST" duration-ms="4041" status="PASS">
          <reporter-output>
          </reporter-output>
        </test-method> <!-- launchApplication -->
        <test-method signature="averifyRequiredMessage()[pri:0, instance:dhananjayparit.ResetPasswordTest@73a1e9a9]" started-at="2025-01-16T23:10:05 IST" name="averifyRequiredMessage" finished-at="2025-01-16T23:10:07 IST" duration-ms="1817" status="PASS">
          <reporter-output>
          </reporter-output>
        </test-method> <!-- averifyRequiredMessage -->
        <test-method signature="bverifyCancelButton()[pri:0, instance:dhananjayparit.ResetPasswordTest@73a1e9a9]" started-at="2025-01-16T23:10:07 IST" name="bverifyCancelButton" finished-at="2025-01-16T23:10:08 IST" duration-ms="502" status="PASS">
          <reporter-output>
          </reporter-output>
        </test-method> <!-- bverifyCancelButton -->
        <test-method signature="resetPassword()[pri:0, instance:dhananjayparit.ResetPasswordTest@73a1e9a9]" started-at="2025-01-16T23:10:08 IST" name="resetPassword" finished-at="2025-01-16T23:10:09 IST" duration-ms="1513" status="PASS">
          <reporter-output>
          </reporter-output>
        </test-method> <!-- resetPassword -->
        <test-method is-config="true" signature="closeApplication()[pri:0, instance:dhananjayparit.ResetPasswordTest@73a1e9a9]" started-at="2025-01-16T23:10:09 IST" name="closeApplication" finished-at="2025-01-16T23:10:09 IST" duration-ms="327" status="PASS">
          <reporter-output>
          </reporter-output>
        </test-method> <!-- closeApplication -->
      </class> <!-- dhananjayparit.ResetPasswordTest -->
      <class name="dhananjayparit.SelectHomeMenus">
        <test-method is-config="true" signature="launchApplication()[pri:0, instance:dhananjayparit.SelectHomeMenus@71d44a3]" started-at="2025-01-16T23:10:09 IST" name="launchApplication" finished-at="2025-01-16T23:10:14 IST" duration-ms="4431" status="PASS">
          <reporter-output>
          </reporter-output>
        </test-method> <!-- launchApplication -->
        <test-method signature="ClickOnEachMenu()[pri:0, instance:dhananjayparit.SelectHomeMenus@71d44a3]" started-at="2025-01-16T23:10:14 IST" name="ClickOnEachMenu" finished-at="2025-01-16T23:10:30 IST" duration-ms="16186" status="PASS">
          <reporter-output>
          </reporter-output>
        </test-method> <!-- ClickOnEachMenu -->
        <test-method is-config="true" signature="closeApplication()[pri:0, instance:dhananjayparit.SelectHomeMenus@71d44a3]" started-at="2025-01-16T23:10:30 IST" name="closeApplication" finished-at="2025-01-16T23:10:30 IST" duration-ms="324" status="PASS">
          <reporter-output>
          </reporter-output>
        </test-method> <!-- closeApplication -->
      </class> <!-- dhananjayparit.SelectHomeMenus -->
      <class name="dhananjayparit.LoginTest">
        <test-method is-config="true" signature="launchApplication()[pri:0, instance:dhananjayparit.LoginTest@55141def]" started-at="2025-01-16T23:09:52 IST" name="launchApplication" finished-at="2025-01-16T23:09:58 IST" duration-ms="6254" status="PASS">
          <reporter-output>
          </reporter-output>
        </test-method> <!-- launchApplication -->
        <test-method signature="invalidLoginTest()[pri:0, instance:dhananjayparit.LoginTest@55141def]" started-at="2025-01-16T23:09:58 IST" name="invalidLoginTest" finished-at="2025-01-16T23:10:01 IST" duration-ms="2273" status="PASS">
          <reporter-output>
          </reporter-output>
        </test-method> <!-- invalidLoginTest -->
        <test-method signature="validLoginTest()[pri:0, instance:dhananjayparit.LoginTest@55141def]" started-at="2025-01-16T23:10:01 IST" name="validLoginTest" finished-at="2025-01-16T23:10:01 IST" duration-ms="401" status="PASS">
          <reporter-output>
          </reporter-output>
        </test-method> <!-- validLoginTest -->
        <test-method is-config="true" signature="closeApplication()[pri:0, instance:dhananjayparit.LoginTest@55141def]" started-at="2025-01-16T23:10:01 IST" name="closeApplication" finished-at="2025-01-16T23:10:01 IST" duration-ms="262" status="PASS">
          <reporter-output>
          </reporter-output>
        </test-method> <!-- closeApplication -->
      </class> <!-- dhananjayparit.LoginTest -->
    </test> <!-- FirstTest -->
  </suite> <!-- Suite -->
</testng-results>
